c:\users\administrator\source\repos\consoleapplication2\consoleapplication2\debug\vc142.pdb
c:\users\administrator\source\repos\consoleapplication2\consoleapplication2\debug\vc142.idb
c:\users\administrator\source\repos\consoleapplication2\consoleapplication2\debug\consoleapplication2.obj
c:\users\administrator\source\repos\consoleapplication2\consoleapplication2\debug\90_subsets_ii_90.obj
c:\users\administrator\source\repos\consoleapplication2\consoleapplication2\debug\78_subsets_78.obj
c:\users\administrator\source\repos\consoleapplication2\consoleapplication2\debug\77_combinations_77.obj
c:\users\administrator\source\repos\consoleapplication2\consoleapplication2\debug\779_k-th-symbol-in-grammar_779.obj
c:\users\administrator\source\repos\consoleapplication2\consoleapplication2\debug\556-next-greater-element-iii.obj
c:\users\administrator\source\repos\consoleapplication2\consoleapplication2\debug\50_pow_x_n_50.obj
c:\users\administrator\source\repos\consoleapplication2\consoleapplication2\debug\46_permutations_46.obj
c:\users\administrator\source\repos\consoleapplication2\consoleapplication2\debug\39_combination-sum_39.obj
c:\users\administrator\source\repos\consoleapplication2\consoleapplication2\debug\21_merge-two-sorted-lists-21.obj
c:\users\administrator\source\repos\consoleapplication2\consoleapplication2\debug\148-sort_list_148.obj
c:\users\administrator\source\repos\consoleapplication2\debug\consoleapplication2.exe
c:\users\administrator\source\repos\consoleapplication2\debug\consoleapplication2.ilk
c:\users\administrator\source\repos\consoleapplication2\debug\consoleapplication2.pdb
c:\users\administrator\source\repos\consoleapplication2\consoleapplication2\debug\consolea.82f6a3e6.tlog\cl.command.1.tlog
c:\users\administrator\source\repos\consoleapplication2\consoleapplication2\debug\consolea.82f6a3e6.tlog\cl.read.1.tlog
c:\users\administrator\source\repos\consoleapplication2\consoleapplication2\debug\consolea.82f6a3e6.tlog\cl.write.1.tlog
c:\users\administrator\source\repos\consoleapplication2\consoleapplication2\debug\consolea.82f6a3e6.tlog\link.command.1.tlog
c:\users\administrator\source\repos\consoleapplication2\consoleapplication2\debug\consolea.82f6a3e6.tlog\link.read.1.tlog
c:\users\administrator\source\repos\consoleapplication2\consoleapplication2\debug\consolea.82f6a3e6.tlog\link.write.1.tlog
